PREHOOK: query: explain select count('1') from src group by '1'
PREHOOK: type: QUERY
POSTHOOK: query: explain select count('1') from src group by '1'
POSTHOOK: type: QUERY
STAGE DEPENDENCIES:
  Stage-1 is a root stage
  Stage-0 depends on stages: Stage-1

STAGE PLANS:
  Stage: Stage-1
    Map Reduce
      Map Operator Tree:
          TableScan
            alias: src
            Statistics: Num rows: 500 Data size: 5312 Basic stats: COMPLETE Column stats: COMPLETE
            Select Operator
              Statistics: Num rows: 500 Data size: 5312 Basic stats: COMPLETE Column stats: COMPLETE
              Group By Operator
                aggregations: count('1')
                keys: '1' (type: string)
                mode: hash
                outputColumnNames: _col0, _col1
                Statistics: Num rows: 1 Data size: 93 Basic stats: COMPLETE Column stats: COMPLETE
                Reduce Output Operator
                  key expressions: '1' (type: string)
                  sort order: +
                  Map-reduce partition columns: '1' (type: string)
                  Statistics: Num rows: 1 Data size: 93 Basic stats: COMPLETE Column stats: COMPLETE
                  value expressions: _col1 (type: bigint)
      Reduce Operator Tree:
        Group By Operator
          aggregations: count(VALUE._col0)
          keys: '1' (type: string)
          mode: mergepartial
          outputColumnNames: _col0, _col1
          Statistics: Num rows: 1 Data size: 93 Basic stats: COMPLETE Column stats: COMPLETE
          Select Operator
            expressions: _col1 (type: bigint)
            outputColumnNames: _col0
            Statistics: Num rows: 1 Data size: 8 Basic stats: COMPLETE Column stats: COMPLETE
            File Output Operator
              compressed: false
              Statistics: Num rows: 1 Data size: 8 Basic stats: COMPLETE Column stats: COMPLETE
              table:
                  input format: org.apache.hadoop.mapred.TextInputFormat
                  output format: org.apache.hadoop.hive.ql.io.HiveIgnoreKeyTextOutputFormat
                  serde: org.apache.hadoop.hive.serde2.lazy.LazySimpleSerDe

  Stage: Stage-0
    Fetch Operator
      limit: -1
      Processor Tree:
        ListSink

PREHOOK: query: select count('1') from src group by '1'
PREHOOK: type: QUERY
PREHOOK: Input: default@src
#### A masked pattern was here ####
POSTHOOK: query: select count('1') from src group by '1'
POSTHOOK: type: QUERY
POSTHOOK: Input: default@src
#### A masked pattern was here ####
500
PREHOOK: query: explain 
analyze table srcpart partition (ds='2008-04-08',hr=11) compute statistics for columns key, value
PREHOOK: type: QUERY
POSTHOOK: query: explain 
analyze table srcpart partition (ds='2008-04-08',hr=11) compute statistics for columns key, value
POSTHOOK: type: QUERY
STAGE DEPENDENCIES:
  Stage-0 is a root stage
  Stage-1 depends on stages: Stage-0

STAGE PLANS:
  Stage: Stage-0
    Map Reduce
      Map Operator Tree:
          TableScan
            alias: srcpart
            Select Operator
              expressions: key (type: string), value (type: string)
              outputColumnNames: key, value
              Group By Operator
                aggregations: compute_stats(key, 16), compute_stats(value, 16)
                keys: '2008-04-08' (type: string), '11' (type: string)
                mode: hash
                outputColumnNames: _col0, _col1, _col2, _col3
                Reduce Output Operator
                  key expressions: '2008-04-08' (type: string), '11' (type: string)
                  sort order: ++
                  Map-reduce partition columns: '2008-04-08' (type: string), '11' (type: string)
                  value expressions: _col2 (type: struct<columntype:string,maxlength:bigint,sumlength:bigint,count:bigint,countnulls:bigint,bitvector:string,numbitvectors:int>), _col3 (type: struct<columntype:string,maxlength:bigint,sumlength:bigint,count:bigint,countnulls:bigint,bitvector:string,numbitvectors:int>)
      Reduce Operator Tree:
        Group By Operator
          aggregations: compute_stats(VALUE._col0), compute_stats(VALUE._col1)
          keys: '2008-04-08' (type: string), '11' (type: string)
          mode: mergepartial
          outputColumnNames: _col0, _col1, _col2, _col3
          Select Operator
            expressions: _col2 (type: struct<columntype:string,maxlength:bigint,avglength:double,countnulls:bigint,numdistinctvalues:bigint>), _col3 (type: struct<columntype:string,maxlength:bigint,avglength:double,countnulls:bigint,numdistinctvalues:bigint>), '2008-04-08' (type: string), '11' (type: string)
            outputColumnNames: _col0, _col1, _col2, _col3
            File Output Operator
              compressed: false
              table:
                  input format: org.apache.hadoop.mapred.TextInputFormat
                  output format: org.apache.hadoop.hive.ql.io.HiveIgnoreKeyTextOutputFormat
                  serde: org.apache.hadoop.hive.serde2.lazy.LazySimpleSerDe

  Stage: Stage-1
    Column Stats Work
      Column Stats Desc:
          Columns: key, value
          Column Types: string, string
          Table: default.srcpart

