PREHOOK: query: create table match_txt (
  num int,
  ts timestamp
) row format delimited fields terminated by '|' stored as textfile
PREHOOK: type: CREATETABLE
PREHOOK: Output: database:default
POSTHOOK: query: create table match_txt (
  num int,
  ts timestamp
) row format delimited fields terminated by '|' stored as textfile
POSTHOOK: type: CREATETABLE
POSTHOOK: Output: database:default
POSTHOOK: Output: default@match_txt
PREHOOK: query: load data local inpath '../../data/files/small_ts.txt' overwrite into table match_txt
PREHOOK: type: LOAD
#### A masked pattern was here ####
PREHOOK: Output: default@match_txt
POSTHOOK: query: load data local inpath '../../data/files/small_ts.txt' overwrite into table match_txt
POSTHOOK: type: LOAD
#### A masked pattern was here ####
POSTHOOK: Output: default@match_txt
PREHOOK: query: create table match_orc stored as orc as select * from match_txt
PREHOOK: type: CREATETABLE_AS_SELECT
PREHOOK: Input: default@match_txt
POSTHOOK: query: create table match_orc stored as orc as select * from match_txt
POSTHOOK: type: CREATETABLE_AS_SELECT
POSTHOOK: Input: default@match_txt
POSTHOOK: Output: default@match_orc
PREHOOK: query: explain
select * from match_txt
PREHOOK: type: QUERY
POSTHOOK: query: explain
select * from match_txt
POSTHOOK: type: QUERY
STAGE DEPENDENCIES:
  Stage-0 is a root stage

STAGE PLANS:
  Stage: Stage-0
    Fetch Operator
      limit: -1
      Processor Tree:
        TableScan
          alias: match_txt
          Statistics: Num rows: 1 Data size: 75 Basic stats: COMPLETE Column stats: NONE
          Select Operator
            expressions: num (type: int), ts (type: timestamp)
            outputColumnNames: _col0, _col1
            Statistics: Num rows: 1 Data size: 75 Basic stats: COMPLETE Column stats: NONE
            ListSink

PREHOOK: query: select * from match_txt
PREHOOK: type: QUERY
PREHOOK: Input: default@match_txt
#### A masked pattern was here ####
POSTHOOK: query: select * from match_txt
POSTHOOK: type: QUERY
POSTHOOK: Input: default@match_txt
#### A masked pattern was here ####
1	2014-10-13 16:08:18.31
2	2014-10-13 16:08:18.313
3	2014-10-13 16:08:18.33
PREHOOK: query: explain
select * from match_orc
PREHOOK: type: QUERY
POSTHOOK: query: explain
select * from match_orc
POSTHOOK: type: QUERY
STAGE DEPENDENCIES:
  Stage-0 is a root stage

STAGE PLANS:
  Stage: Stage-0
    Fetch Operator
      limit: -1
      Processor Tree:
        TableScan
          alias: match_orc
          Statistics: Num rows: 3 Data size: 132 Basic stats: COMPLETE Column stats: NONE
          Select Operator
            expressions: num (type: int), ts (type: timestamp)
            outputColumnNames: _col0, _col1
            Statistics: Num rows: 3 Data size: 132 Basic stats: COMPLETE Column stats: NONE
            ListSink

PREHOOK: query: select * from match_orc
PREHOOK: type: QUERY
PREHOOK: Input: default@match_orc
#### A masked pattern was here ####
POSTHOOK: query: select * from match_orc
POSTHOOK: type: QUERY
POSTHOOK: Input: default@match_orc
#### A masked pattern was here ####
1	2014-10-13 16:08:18.31
2	2014-10-13 16:08:18.313
3	2014-10-13 16:08:18.33
PREHOOK: query: explain
select to_date(ts) from match_txt
PREHOOK: type: QUERY
POSTHOOK: query: explain
select to_date(ts) from match_txt
POSTHOOK: type: QUERY
STAGE DEPENDENCIES:
  Stage-1 is a root stage
  Stage-0 is a root stage

STAGE PLANS:
  Stage: Stage-1
    Map Reduce
      Map Operator Tree:
          TableScan
            alias: match_txt
            Statistics: Num rows: 1 Data size: 75 Basic stats: COMPLETE Column stats: NONE
            Select Operator
              expressions: to_date(ts) (type: string)
              outputColumnNames: _col0
              Statistics: Num rows: 1 Data size: 75 Basic stats: COMPLETE Column stats: NONE
              File Output Operator
                compressed: false
                Statistics: Num rows: 1 Data size: 75 Basic stats: COMPLETE Column stats: NONE
                table:
                    input format: org.apache.hadoop.mapred.TextInputFormat
                    output format: org.apache.hadoop.hive.ql.io.HiveIgnoreKeyTextOutputFormat
                    serde: org.apache.hadoop.hive.serde2.lazy.LazySimpleSerDe

  Stage: Stage-0
    Fetch Operator
      limit: -1

PREHOOK: query: select to_date(ts) from match_txt
PREHOOK: type: QUERY
PREHOOK: Input: default@match_txt
#### A masked pattern was here ####
POSTHOOK: query: select to_date(ts) from match_txt
POSTHOOK: type: QUERY
POSTHOOK: Input: default@match_txt
#### A masked pattern was here ####
2014-10-13
2014-10-13
2014-10-13
PREHOOK: query: explain
select to_date(ts) from match_orc
PREHOOK: type: QUERY
POSTHOOK: query: explain
select to_date(ts) from match_orc
POSTHOOK: type: QUERY
STAGE DEPENDENCIES:
  Stage-1 is a root stage
  Stage-0 is a root stage

STAGE PLANS:
  Stage: Stage-1
    Map Reduce
      Map Operator Tree:
          TableScan
            alias: match_orc
            Statistics: Num rows: 3 Data size: 132 Basic stats: COMPLETE Column stats: NONE
            Select Operator
              expressions: to_date(ts) (type: string)
              outputColumnNames: _col0
              Statistics: Num rows: 3 Data size: 132 Basic stats: COMPLETE Column stats: NONE
              File Output Operator
                compressed: false
                Statistics: Num rows: 3 Data size: 132 Basic stats: COMPLETE Column stats: NONE
                table:
                    input format: org.apache.hadoop.mapred.TextInputFormat
                    output format: org.apache.hadoop.hive.ql.io.HiveIgnoreKeyTextOutputFormat
                    serde: org.apache.hadoop.hive.serde2.lazy.LazySimpleSerDe
      Execution mode: vectorized

  Stage: Stage-0
    Fetch Operator
      limit: -1

PREHOOK: query: select to_date(ts) from match_orc
PREHOOK: type: QUERY
PREHOOK: Input: default@match_orc
#### A masked pattern was here ####
POSTHOOK: query: select to_date(ts) from match_orc
POSTHOOK: type: QUERY
POSTHOOK: Input: default@match_orc
#### A masked pattern was here ####
2014-10-13
2014-10-13
2014-10-13
PREHOOK: query: explain
select distinct to_date(ts) from match_txt
PREHOOK: type: QUERY
POSTHOOK: query: explain
select distinct to_date(ts) from match_txt
POSTHOOK: type: QUERY
STAGE DEPENDENCIES:
  Stage-1 is a root stage
  Stage-0 is a root stage

STAGE PLANS:
  Stage: Stage-1
    Map Reduce
      Map Operator Tree:
          TableScan
            alias: match_txt
            Statistics: Num rows: 1 Data size: 75 Basic stats: COMPLETE Column stats: NONE
            Select Operator
              expressions: ts (type: timestamp)
              outputColumnNames: ts
              Statistics: Num rows: 1 Data size: 75 Basic stats: COMPLETE Column stats: NONE
              Group By Operator
                keys: to_date(ts) (type: string)
                mode: hash
                outputColumnNames: _col0
                Statistics: Num rows: 1 Data size: 75 Basic stats: COMPLETE Column stats: NONE
                Reduce Output Operator
                  key expressions: _col0 (type: string)
                  sort order: +
                  Map-reduce partition columns: _col0 (type: string)
                  Statistics: Num rows: 1 Data size: 75 Basic stats: COMPLETE Column stats: NONE
      Reduce Operator Tree:
        Group By Operator
          keys: KEY._col0 (type: string)
          mode: mergepartial
          outputColumnNames: _col0
          Statistics: Num rows: 0 Data size: 0 Basic stats: NONE Column stats: NONE
          Select Operator
            expressions: _col0 (type: string)
            outputColumnNames: _col0
            Statistics: Num rows: 0 Data size: 0 Basic stats: NONE Column stats: NONE
            File Output Operator
              compressed: false
              Statistics: Num rows: 0 Data size: 0 Basic stats: NONE Column stats: NONE
              table:
                  input format: org.apache.hadoop.mapred.TextInputFormat
                  output format: org.apache.hadoop.hive.ql.io.HiveIgnoreKeyTextOutputFormat
                  serde: org.apache.hadoop.hive.serde2.lazy.LazySimpleSerDe

  Stage: Stage-0
    Fetch Operator
      limit: -1

PREHOOK: query: select distinct to_date(ts) from match_txt
PREHOOK: type: QUERY
PREHOOK: Input: default@match_txt
#### A masked pattern was here ####
POSTHOOK: query: select distinct to_date(ts) from match_txt
POSTHOOK: type: QUERY
POSTHOOK: Input: default@match_txt
#### A masked pattern was here ####
2014-10-13
PREHOOK: query: explain
select distinct to_date(ts) from match_orc
PREHOOK: type: QUERY
POSTHOOK: query: explain
select distinct to_date(ts) from match_orc
POSTHOOK: type: QUERY
STAGE DEPENDENCIES:
  Stage-1 is a root stage
  Stage-0 is a root stage

STAGE PLANS:
  Stage: Stage-1
    Map Reduce
      Map Operator Tree:
          TableScan
            alias: match_orc
            Statistics: Num rows: 3 Data size: 132 Basic stats: COMPLETE Column stats: NONE
            Select Operator
              expressions: ts (type: timestamp)
              outputColumnNames: ts
              Statistics: Num rows: 3 Data size: 132 Basic stats: COMPLETE Column stats: NONE
              Group By Operator
                keys: to_date(ts) (type: string)
                mode: hash
                outputColumnNames: _col0
                Statistics: Num rows: 3 Data size: 132 Basic stats: COMPLETE Column stats: NONE
                Reduce Output Operator
                  key expressions: _col0 (type: string)
                  sort order: +
                  Map-reduce partition columns: _col0 (type: string)
                  Statistics: Num rows: 3 Data size: 132 Basic stats: COMPLETE Column stats: NONE
      Execution mode: vectorized
      Reduce Operator Tree:
        Group By Operator
          keys: KEY._col0 (type: string)
          mode: mergepartial
          outputColumnNames: _col0
          Statistics: Num rows: 1 Data size: 44 Basic stats: COMPLETE Column stats: NONE
          Select Operator
            expressions: _col0 (type: string)
            outputColumnNames: _col0
            Statistics: Num rows: 1 Data size: 44 Basic stats: COMPLETE Column stats: NONE
            File Output Operator
              compressed: false
              Statistics: Num rows: 1 Data size: 44 Basic stats: COMPLETE Column stats: NONE
              table:
                  input format: org.apache.hadoop.mapred.TextInputFormat
                  output format: org.apache.hadoop.hive.ql.io.HiveIgnoreKeyTextOutputFormat
                  serde: org.apache.hadoop.hive.serde2.lazy.LazySimpleSerDe

  Stage: Stage-0
    Fetch Operator
      limit: -1

PREHOOK: query: select distinct to_date(ts) from match_orc
PREHOOK: type: QUERY
PREHOOK: Input: default@match_orc
#### A masked pattern was here ####
POSTHOOK: query: select distinct to_date(ts) from match_orc
POSTHOOK: type: QUERY
POSTHOOK: Input: default@match_orc
#### A masked pattern was here ####
2014-10-13
