PREHOOK: query: create table str_str_txt (str1 string, str2 string) 
row format delimited fields terminated by '|' 
stored as textfile
PREHOOK: type: CREATETABLE
PREHOOK: Output: database:default
POSTHOOK: query: create table str_str_txt (str1 string, str2 string) 
row format delimited fields terminated by '|' 
stored as textfile
POSTHOOK: type: CREATETABLE
POSTHOOK: Output: database:default
POSTHOOK: Output: default@str_str_txt
PREHOOK: query: LOAD DATA LOCAL INPATH '../../data/files/string_coalesce' OVERWRITE INTO TABLE str_str_txt
PREHOOK: type: LOAD
#### A masked pattern was here ####
PREHOOK: Output: default@str_str_txt
POSTHOOK: query: LOAD DATA LOCAL INPATH '../../data/files/string_coalesce' OVERWRITE INTO TABLE str_str_txt
POSTHOOK: type: LOAD
#### A masked pattern was here ####
POSTHOOK: Output: default@str_str_txt
PREHOOK: query: create table str_str_orc stored as orc as select * from str_str_txt
PREHOOK: type: CREATETABLE_AS_SELECT
PREHOOK: Input: default@str_str_txt
POSTHOOK: query: create table str_str_orc stored as orc as select * from str_str_txt
POSTHOOK: type: CREATETABLE_AS_SELECT
POSTHOOK: Input: default@str_str_txt
POSTHOOK: Output: default@str_str_orc
PREHOOK: query: EXPLAIN
SELECT
   str2, ROUND(sum(cast(COALESCE(str1, 0) as int))/60, 2) as result
from str_str_orc
GROUP BY str2
PREHOOK: type: QUERY
POSTHOOK: query: EXPLAIN
SELECT
   str2, ROUND(sum(cast(COALESCE(str1, 0) as int))/60, 2) as result
from str_str_orc
GROUP BY str2
POSTHOOK: type: QUERY
STAGE DEPENDENCIES:
  Stage-1 is a root stage
  Stage-0 is a root stage

STAGE PLANS:
  Stage: Stage-1
    Map Reduce
      Map Operator Tree:
          TableScan
            alias: str_str_orc
            Statistics: Num rows: 4 Data size: 510 Basic stats: COMPLETE Column stats: NONE
            Select Operator
              expressions: str2 (type: string), str1 (type: string)
              outputColumnNames: str2, str1
              Statistics: Num rows: 4 Data size: 510 Basic stats: COMPLETE Column stats: NONE
              Group By Operator
                aggregations: sum(UDFToInteger(COALESCE(str1,0)))
                keys: str2 (type: string)
                mode: hash
                outputColumnNames: _col0, _col1
                Statistics: Num rows: 4 Data size: 510 Basic stats: COMPLETE Column stats: NONE
                Reduce Output Operator
                  key expressions: _col0 (type: string)
                  sort order: +
                  Map-reduce partition columns: _col0 (type: string)
                  Statistics: Num rows: 4 Data size: 510 Basic stats: COMPLETE Column stats: NONE
                  value expressions: _col1 (type: bigint)
      Reduce Operator Tree:
        Group By Operator
          aggregations: sum(VALUE._col0)
          keys: KEY._col0 (type: string)
          mode: mergepartial
          outputColumnNames: _col0, _col1
          Statistics: Num rows: 2 Data size: 255 Basic stats: COMPLETE Column stats: NONE
          Select Operator
            expressions: _col0 (type: string), round((_col1 / 60), 2) (type: double)
            outputColumnNames: _col0, _col1
            Statistics: Num rows: 2 Data size: 255 Basic stats: COMPLETE Column stats: NONE
            File Output Operator
              compressed: false
              Statistics: Num rows: 2 Data size: 255 Basic stats: COMPLETE Column stats: NONE
              table:
                  input format: org.apache.hadoop.mapred.TextInputFormat
                  output format: org.apache.hadoop.hive.ql.io.HiveIgnoreKeyTextOutputFormat
                  serde: org.apache.hadoop.hive.serde2.lazy.LazySimpleSerDe

  Stage: Stage-0
    Fetch Operator
      limit: -1

PREHOOK: query: SELECT
   str2, ROUND(sum(cast(COALESCE(str1, 0) as int))/60, 2) as result
from str_str_orc
GROUP BY str2
PREHOOK: type: QUERY
PREHOOK: Input: default@str_str_orc
#### A masked pattern was here ####
POSTHOOK: query: SELECT
   str2, ROUND(sum(cast(COALESCE(str1, 0) as int))/60, 2) as result
from str_str_orc
GROUP BY str2
POSTHOOK: type: QUERY
POSTHOOK: Input: default@str_str_orc
#### A masked pattern was here ####
X	0.02
Y	0.0
PREHOOK: query: EXPLAIN
SELECT COALESCE(str1, 0) as result
from str_str_orc
PREHOOK: type: QUERY
POSTHOOK: query: EXPLAIN
SELECT COALESCE(str1, 0) as result
from str_str_orc
POSTHOOK: type: QUERY
STAGE DEPENDENCIES:
  Stage-1 is a root stage
  Stage-0 is a root stage

STAGE PLANS:
  Stage: Stage-1
    Map Reduce
      Map Operator Tree:
          TableScan
            alias: str_str_orc
            Statistics: Num rows: 4 Data size: 510 Basic stats: COMPLETE Column stats: NONE
            Select Operator
              expressions: COALESCE(str1,0) (type: string)
              outputColumnNames: _col0
              Statistics: Num rows: 4 Data size: 510 Basic stats: COMPLETE Column stats: NONE
              File Output Operator
                compressed: false
                Statistics: Num rows: 4 Data size: 510 Basic stats: COMPLETE Column stats: NONE
                table:
                    input format: org.apache.hadoop.mapred.TextInputFormat
                    output format: org.apache.hadoop.hive.ql.io.HiveIgnoreKeyTextOutputFormat
                    serde: org.apache.hadoop.hive.serde2.lazy.LazySimpleSerDe

  Stage: Stage-0
    Fetch Operator
      limit: -1

PREHOOK: query: SELECT COALESCE(str1, 0) as result
from str_str_orc
PREHOOK: type: QUERY
PREHOOK: Input: default@str_str_orc
#### A masked pattern was here ####
POSTHOOK: query: SELECT COALESCE(str1, 0) as result
from str_str_orc
POSTHOOK: type: QUERY
POSTHOOK: Input: default@str_str_orc
#### A masked pattern was here ####
0
0
1
0
PREHOOK: query: EXPLAIN
SELECT
   str2, ROUND(sum(cast(COALESCE(str1, 0) as int))/60, 2) as result
from str_str_orc
GROUP BY str2
PREHOOK: type: QUERY
POSTHOOK: query: EXPLAIN
SELECT
   str2, ROUND(sum(cast(COALESCE(str1, 0) as int))/60, 2) as result
from str_str_orc
GROUP BY str2
POSTHOOK: type: QUERY
STAGE DEPENDENCIES:
  Stage-1 is a root stage
  Stage-0 is a root stage

STAGE PLANS:
  Stage: Stage-1
    Map Reduce
      Map Operator Tree:
          TableScan
            alias: str_str_orc
            Statistics: Num rows: 4 Data size: 510 Basic stats: COMPLETE Column stats: NONE
            Select Operator
              expressions: str2 (type: string), str1 (type: string)
              outputColumnNames: str2, str1
              Statistics: Num rows: 4 Data size: 510 Basic stats: COMPLETE Column stats: NONE
              Group By Operator
                aggregations: sum(UDFToInteger(COALESCE(str1,0)))
                keys: str2 (type: string)
                mode: hash
                outputColumnNames: _col0, _col1
                Statistics: Num rows: 4 Data size: 510 Basic stats: COMPLETE Column stats: NONE
                Reduce Output Operator
                  key expressions: _col0 (type: string)
                  sort order: +
                  Map-reduce partition columns: _col0 (type: string)
                  Statistics: Num rows: 4 Data size: 510 Basic stats: COMPLETE Column stats: NONE
                  value expressions: _col1 (type: bigint)
      Execution mode: vectorized
      Reduce Operator Tree:
        Group By Operator
          aggregations: sum(VALUE._col0)
          keys: KEY._col0 (type: string)
          mode: mergepartial
          outputColumnNames: _col0, _col1
          Statistics: Num rows: 2 Data size: 255 Basic stats: COMPLETE Column stats: NONE
          Select Operator
            expressions: _col0 (type: string), round((_col1 / 60), 2) (type: double)
            outputColumnNames: _col0, _col1
            Statistics: Num rows: 2 Data size: 255 Basic stats: COMPLETE Column stats: NONE
            File Output Operator
              compressed: false
              Statistics: Num rows: 2 Data size: 255 Basic stats: COMPLETE Column stats: NONE
              table:
                  input format: org.apache.hadoop.mapred.TextInputFormat
                  output format: org.apache.hadoop.hive.ql.io.HiveIgnoreKeyTextOutputFormat
                  serde: org.apache.hadoop.hive.serde2.lazy.LazySimpleSerDe

  Stage: Stage-0
    Fetch Operator
      limit: -1

PREHOOK: query: SELECT
   str2, ROUND(sum(cast(COALESCE(str1, 0) as int))/60, 2) as result
from str_str_orc
GROUP BY str2
PREHOOK: type: QUERY
PREHOOK: Input: default@str_str_orc
#### A masked pattern was here ####
POSTHOOK: query: SELECT
   str2, ROUND(sum(cast(COALESCE(str1, 0) as int))/60, 2) as result
from str_str_orc
GROUP BY str2
POSTHOOK: type: QUERY
POSTHOOK: Input: default@str_str_orc
#### A masked pattern was here ####
X	0.02
Y	0.0
PREHOOK: query: EXPLAIN
SELECT COALESCE(str1, 0) as result
from str_str_orc
PREHOOK: type: QUERY
POSTHOOK: query: EXPLAIN
SELECT COALESCE(str1, 0) as result
from str_str_orc
POSTHOOK: type: QUERY
STAGE DEPENDENCIES:
  Stage-1 is a root stage
  Stage-0 is a root stage

STAGE PLANS:
  Stage: Stage-1
    Map Reduce
      Map Operator Tree:
          TableScan
            alias: str_str_orc
            Statistics: Num rows: 4 Data size: 510 Basic stats: COMPLETE Column stats: NONE
            Select Operator
              expressions: COALESCE(str1,0) (type: string)
              outputColumnNames: _col0
              Statistics: Num rows: 4 Data size: 510 Basic stats: COMPLETE Column stats: NONE
              File Output Operator
                compressed: false
                Statistics: Num rows: 4 Data size: 510 Basic stats: COMPLETE Column stats: NONE
                table:
                    input format: org.apache.hadoop.mapred.TextInputFormat
                    output format: org.apache.hadoop.hive.ql.io.HiveIgnoreKeyTextOutputFormat
                    serde: org.apache.hadoop.hive.serde2.lazy.LazySimpleSerDe
      Execution mode: vectorized

  Stage: Stage-0
    Fetch Operator
      limit: -1

PREHOOK: query: SELECT COALESCE(str1, 0) as result
from str_str_orc
PREHOOK: type: QUERY
PREHOOK: Input: default@str_str_orc
#### A masked pattern was here ####
POSTHOOK: query: SELECT COALESCE(str1, 0) as result
from str_str_orc
POSTHOOK: type: QUERY
POSTHOOK: Input: default@str_str_orc
#### A masked pattern was here ####
0
0
1
0
